<?xml version="1.0" encoding="UTF-8" ?>
<testsuite tests="6" failures="1" name="testRunner.TestRun" time="94.168" errors="0" skipped="0">
  <properties>
    <property name="JOB_NAME" value="nopCommerce_mvn_project"/>
    <property name="java.vendor" value="Oracle Corporation"/>
    <property name="sun.java.launcher" value="SUN_STANDARD"/>
    <property name="RUN_TESTS_DISPLAY_URL" value="http://localhost:8080/job/nopCommerce_mvn_project/1/display/redirect?page=tests"/>
    <property name="NUMBER_OF_PROCESSORS" value="8"/>
    <property name="sun.management.compiler" value="HotSpot 64-Bit Tiered Compilers"/>
    <property name="JENKINS_HOME" value="C:\Users\sridh\.jenkins"/>
    <property name="FPS_BROWSER_USER_PROFILE_STRING" value="Default"/>
    <property name="HUDSON_SERVER_COOKIE" value="4a354bec2ba138f2"/>
    <property name="os.name" value="Windows 11"/>
    <property name="EXECUTOR_NUMBER" value="1"/>
    <property name="sun.desktop" value="windows"/>
    <property name="PATHEXT" value=".COM;.EXE;.BAT;.CMD;.VBS;.VBE;.JS;.JSE;.WSF;.WSH;.MSC"/>
    <property name="java.vm.specification.vendor" value="Oracle Corporation"/>
    <property name="TEMP" value="C:\Users\sridh\AppData\Local\Temp"/>
    <property name="NODE_LABELS" value="built-in"/>
    <property name="java.runtime.version" value="11.0.15.1+2-LTS-10"/>
    <property name="FPS_BROWSER_APP_PROFILE_STRING" value="Internet Explorer"/>
    <property name="user.name" value="sridh"/>
    <property name="guice.disable.misplaced.annotation.check" value="true"/>
    <property name="CommonProgramW6432" value="C:\Program Files\Common Files"/>
    <property name="ProgramFiles" value="C:\Program Files"/>
    <property name="PROMPT" value="$P$G"/>
    <property name="user.language" value="en"/>
    <property name="JOB_BASE_NAME" value="nopCommerce_mvn_project"/>
    <property name="RUN_CHANGES_DISPLAY_URL" value="http://localhost:8080/job/nopCommerce_mvn_project/1/display/redirect?page=changes"/>
    <property name="BUILD_DISPLAY_NAME" value="#1"/>
    <property name="OneDrive" value="D:\OneDrive"/>
    <property name="sun.boot.library.path" value="C:\Program Files\Java\jdk-11.0.15.1\bin"/>
    <property name="java.vm.compressedOopsMode" value="32-bit"/>
    <property name="LOCALAPPDATA" value="C:\Users\sridh\AppData\Local"/>
    <property name="java.version" value="11.0.15.1"/>
    <property name="user.timezone" value="Asia/Singapore"/>
    <property name="PROCESSOR_LEVEL" value="6"/>
    <property name="USERNAME" value="sridh"/>
    <property name="sun.arch.data.model" value="64"/>
    <property name="NODE_NAME" value="built-in"/>
    <property name="OneDriveConsumer" value="D:\OneDrive"/>
    <property name="BUILD_ID" value="1"/>
    <property name="sun.cpu.isalist" value="amd64"/>
    <property name="sun.jnu.encoding" value="Cp1252"/>
    <property name="maven.conf" value="D:\silpa\Maven\conf"/>
    <property name="HOMEDRIVE" value="C:"/>
    <property name="file.separator" value="\"/>
    <property name="java.specification.name" value="Java Platform API Specification"/>
    <property name="java.class.version" value="55.0"/>
    <property name="MVN_HOME" value="D:\silpa\Maven"/>
    <property name="=::" value="::\"/>
    <property name="org.slf4j.simpleLogger.defaultLogLevel" value="info"/>
    <property name="user.country" value="US"/>
    <property name="ALLUSERSPROFILE" value="C:\ProgramData"/>
    <property name="java.home" value="C:\Program Files\Java\jdk-11.0.15.1"/>
    <property name="java.vm.info" value="mixed mode"/>
    <property name="os.version" value="10.0"/>
    <property name="RUN_DISPLAY_URL" value="http://localhost:8080/job/nopCommerce_mvn_project/1/display/redirect"/>
    <property name="TMP" value="C:\Users\sridh\AppData\Local\Temp"/>
    <property name="path.separator" value=";"/>
    <property name="RUN_ARTIFACTS_DISPLAY_URL" value="http://localhost:8080/job/nopCommerce_mvn_project/1/display/redirect?page=artifacts"/>
    <property name="java.vm.version" value="11.0.15.1+2-LTS-10"/>
    <property name="user.variant" value=""/>
    <property name="CommonProgramFiles(x86)" value="C:\Program Files (x86)\Common Files"/>
    <property name="JOB_DISPLAY_URL" value="http://localhost:8080/job/nopCommerce_mvn_project/display/redirect"/>
    <property name="USERDOMAIN_ROAMINGPROFILE" value="PENUBOLU"/>
    <property name="java.awt.printerjob" value="sun.awt.windows.WPrinterJob"/>
    <property name="CommonProgramFiles" value="C:\Program Files\Common Files"/>
    <property name="sun.io.unicode.encoding" value="UnicodeLittle"/>
    <property name="JAVA_HOME" value="C:\Program Files\Java\jdk-11.0.15.1"/>
    <property name="ComSpec" value="C:\WINDOWS\system32\cmd.exe"/>
    <property name="HOMEPATH" value="\Users\sridh"/>
    <property name="awt.toolkit" value="sun.awt.windows.WToolkit"/>
    <property name="COMPUTERNAME" value="PENUBOLU"/>
    <property name="user.script" value=""/>
    <property name="asl.log" value="Destination=file"/>
    <property name="user.home" value="C:\Users\sridh"/>
    <property name="PUBLIC" value="C:\Users\Public"/>
    <property name="BUILD_TAG" value="jenkins-nopCommerce_mvn_project-1"/>
    <property name="JENKINS_SERVER_COOKIE" value="4a354bec2ba138f2"/>
    <property name="HUDSON_URL" value="http://localhost:8080/"/>
    <property name="ProgramData" value="C:\ProgramData"/>
    <property name="java.version.date" value="2022-04-22"/>
    <property name="java.specification.vendor" value="Oracle Corporation"/>
    <property name="USERPROFILE" value="C:\Users\sridh"/>
    <property name="CLASSPATH" value=""/>
    <property name="java.library.path" value="C:\Program Files\Java\jdk-11.0.15.1\bin;C:\WINDOWS\Sun\Java\bin;C:\WINDOWS\system32;C:\WINDOWS;D:\silpa\Maven/bin;C:\Program Files (x86)\Microsoft SDKs\Azure\CLI2\wbin;C:\Program Files (x86)\Intel\iCLS Client\;C:\Program Files\Intel\iCLS Client\;C:\Windows\system32;C:\Windows;C:\Windows\System32\Wbem;C:\Windows\System32\WindowsPowerShell\v1.0\;C:\Program Files (x86)\NVIDIA Corporation\PhysX\Common;C:\Program Files (x86)\Intel\Intel(R) Management Engine Components\DAL;C:\Program Files\Intel\Intel(R) Management Engine Components\DAL;C:\Program Files (x86)\Intel\Intel(R) Management Engine Components\IPT;C:\Program Files\Intel\Intel(R) Management Engine Components\IPT;C:\WINDOWS\system32;C:\WINDOWS;C:\WINDOWS\System32\Wbem;C:\WINDOWS\System32\WindowsPowerShell\v1.0\;C:\WINDOWS\System32\OpenSSH\;C:\Program Files\Intel\WiFi\bin\;C:\Program Files\Common Files\Intel\WirelessCommon\;D:\silpa\Maven\bin;C:\Program Files\Java\jdk-11.0.15.1\bin;C:\Users\sridh\AppData\Local\Microsoft\WindowsApps;."/>
    <property name="java.vendor.url" value="https://openjdk.java.net/"/>
    <property name="java.vm.vendor" value="Oracle Corporation"/>
    <property name="APPDATA" value="C:\Users\sridh\AppData\Roaming"/>
    <property name="java.runtime.name" value="Java(TM) SE Runtime Environment"/>
    <property name="maven.home" value="D:\silpa\Maven"/>
    <property name="java.class.path" value="C:\Users\sridh\.jenkins\plugins\maven-plugin\WEB-INF\lib\maven35-agent-1.13.jar;D:\silpa\Maven\boot\plexus-classworlds-2.6.0.jar;D:\silpa\Maven/conf/logging"/>
    <property name="sun.java.command" value="jenkins.maven3.agent.Maven35Main D:\silpa\Maven C:\Users\sridh\.jenkins\war\WEB-INF\lib\remoting-4.13.2.jar C:\Users\sridh\.jenkins\plugins\maven-plugin\WEB-INF\lib\maven35-interceptor-1.13.jar C:\Users\sridh\.jenkins\plugins\maven-plugin\WEB-INF\lib\maven3-interceptor-commons-1.13.jar 53267"/>
    <property name="Path" value="C:\Program Files (x86)\Microsoft SDKs\Azure\CLI2\wbin;C:\Program Files (x86)\Intel\iCLS Client\;C:\Program Files\Intel\iCLS Client\;C:\Windows\system32;C:\Windows;C:\Windows\System32\Wbem;C:\Windows\System32\WindowsPowerShell\v1.0\;C:\Program Files (x86)\NVIDIA Corporation\PhysX\Common;C:\Program Files (x86)\Intel\Intel(R) Management Engine Components\DAL;C:\Program Files\Intel\Intel(R) Management Engine Components\DAL;C:\Program Files (x86)\Intel\Intel(R) Management Engine Components\IPT;C:\Program Files\Intel\Intel(R) Management Engine Components\IPT;C:\WINDOWS\system32;C:\WINDOWS;C:\WINDOWS\System32\Wbem;C:\WINDOWS\System32\WindowsPowerShell\v1.0\;C:\WINDOWS\System32\OpenSSH\;C:\Program Files\Intel\WiFi\bin\;C:\Program Files\Common Files\Intel\WirelessCommon\;D:\silpa\Maven\bin;C:\Program Files\Java\jdk-11.0.15.1\bin;C:\Users\sridh\AppData\Local\Microsoft\WindowsApps"/>
    <property name="jdk.debug" value="release"/>
    <property name="PROCESSOR_ARCHITECTURE" value="AMD64"/>
    <property name="java.vm.specification.name" value="Java Virtual Machine Specification"/>
    <property name="jansi.mode" value="strip"/>
    <property name="PROCESSOR_IDENTIFIER" value="Intel64 Family 6 Model 142 Stepping 10, GenuineIntel"/>
    <property name="java.vm.specification.version" value="11"/>
    <property name="M2_HOME" value="D:\silpa\Maven"/>
    <property name="sun.cpu.endian" value="little"/>
    <property name="sun.os.patch.level" value=""/>
    <property name="OS" value="Windows_NT"/>
    <property name="=D:" value="D:\silpa"/>
    <property name="CI" value="true"/>
    <property name="java.io.tmpdir" value="C:\Users\sridh\AppData\Local\Temp\"/>
    <property name="HUDSON_HOME" value="C:\Users\sridh\.jenkins"/>
    <property name="PATH+MAVEN" value="D:\silpa\Maven/bin"/>
    <property name="ProgramFiles(x86)" value="C:\Program Files (x86)"/>
    <property name="java.vendor.url.bug" value="https://bugreport.java.com/bugreport/"/>
    <property name="BUILD_URL" value="http://localhost:8080/job/nopCommerce_mvn_project/1/"/>
    <property name="MAVEN_OPTS" value=""/>
    <property name="SystemRoot" value="C:\WINDOWS"/>
    <property name="os.arch" value="amd64"/>
    <property name="java.awt.graphicsenv" value="sun.awt.Win32GraphicsEnvironment"/>
    <property name="user.dir" value="D:\silpa\Selenium Workspace\nopCommerce"/>
    <property name="JOB_URL" value="http://localhost:8080/job/nopCommerce_mvn_project/"/>
    <property name="LOGONSERVER" value="\\PENUBOLU"/>
    <property name="USERDOMAIN" value="PENUBOLU"/>
    <property name="MAVEN_HOME" value="D:\silpa\Maven"/>
    <property name="line.separator" value="
"/>
    <property name="java.vm.name" value="Java HotSpot(TM) 64-Bit Server VM"/>
    <property name="BUILD_NUMBER" value="1"/>
    <property name="PROCESSOR_REVISION" value="8e0a"/>
    <property name="JENKINS_URL" value="http://localhost:8080/"/>
    <property name="ProgramW6432" value="C:\Program Files"/>
    <property name="windir" value="C:\WINDOWS"/>
    <property name="file.encoding" value="Cp1252"/>
    <property name="SystemDrive" value="C:"/>
    <property name="maven3.interceptor" value="C:\Users\sridh\.jenkins\plugins\maven-plugin\WEB-INF\lib\maven35-interceptor-1.13.jar"/>
    <property name="WORKSPACE_TMP" value="C:\Users\sridh\.jenkins\workspace\nopCommerce_mvn_project@tmp"/>
    <property name="WORKSPACE" value="C:\Users\sridh\.jenkins\workspace\nopCommerce_mvn_project"/>
    <property name="maven3.interceptor.common" value="C:\Users\sridh\.jenkins\plugins\maven-plugin\WEB-INF\lib\maven3-interceptor-commons-1.13.jar"/>
    <property name="PSModulePath" value="%ProgramFiles%\WindowsPowerShell\Modules;C:\WINDOWS\system32\WindowsPowerShell\v1.0\Modules"/>
    <property name="java.specification.version" value="11"/>
    <property name="DriverData" value="C:\Windows\System32\Drivers\DriverData"/>
    <property name="java.vendor.version" value="18.9"/>
  </properties>
  <testcase classname="Customers" name="Add a new Customer" time="31.763"/>
  <testcase classname="Customers" name="Search Customer by EmailID" time="15.09"/>
  <testcase classname="Customers" name="Search Customer by Name" time="17.318"/>
  <testcase classname="Login" name="Successful Login with valid Credentials" time="13.385"/>
  <testcase classname="Login" name="Login Data Driven #1" time="12.254"/>
  <testcase classname="Login" name="Login Data Driven #2" time="4.358">
    <failure type="java.lang.AssertionError">java.lang.AssertionError
	at org.junit.Assert.fail(Assert.java:87)
	at org.junit.Assert.assertTrue(Assert.java:42)
	at org.junit.Assert.assertTrue(Assert.java:53)
	at stepDefinitions.Steps.page_title_should_be(Steps.java:79)
	at ✽.Page Title should be &quot;Dashboard / nopCommerce administration&quot;(file:///D:/silpa/Selenium%20Workspace/nopCommerce/./Features/logIn.feature:18)
</failure>
    <system-out>
@regression
Scenario Outline: Login Data Driven                                  # Features/logIn.feature:26
  Given User Launch Chrome browser                                   # stepDefinitions.Steps.user_launch_chrome_browser()
  When User opens URL &quot;https://admin-demo.nopcommerce.com/&quot;          # stepDefinitions.Steps.user_opens_url(java.lang.String)
  And User enters Email &quot;abc@yourstore.com&quot; and Password &quot;admin&quot;     # stepDefinitions.Steps.user_enters_email_and_password(java.lang.String,java.lang.String)
  And Click on Login                                                 # stepDefinitions.Steps.click_on_login()
  Then Page Title should be &quot;Dashboard / nopCommerce administration&quot; # stepDefinitions.Steps.page_title_should_be(java.lang.String)
      java.lang.AssertionError
	at org.junit.Assert.fail(Assert.java:87)
	at org.junit.Assert.assertTrue(Assert.java:42)
	at org.junit.Assert.assertTrue(Assert.java:53)
	at stepDefinitions.Steps.page_title_should_be(Steps.java:79)
	at âœ½.Page Title should be &quot;Dashboard / nopCommerce administration&quot;(file:///D:/silpa/Selenium%20Workspace/nopCommerce/./Features/logIn.feature:18)

  When User Click on Logout link                                     # stepDefinitions.Steps.user_click_on_logout_link()
  Then Page Title should be &quot;Your store. Login&quot;                      # stepDefinitions.Steps.page_title_should_be(java.lang.String)
  And Close browser                                                  # stepDefinitions.Steps.close_browser()
</system-out>
    <system-err>Starting ChromeDriver 103.0.5060.53 (a1711811edd74ff1cf2150f36ffa3b0dae40b17f-refs/branch-heads/5060@{#853}) on port 54393
Only local connections are allowed.
Please see https://chromedriver.chromium.org/security-considerations for suggestions on keeping ChromeDriver safe.
ChromeDriver was started successfully.
Jul 20, 2022 3:46:36 PM org.openqa.selenium.remote.ProtocolHandshake createSession
INFO: Detected upstream dialect: W3C
Jul 20, 2022 3:46:36 PM org.openqa.selenium.devtools.CdpVersionFinder findNearestMatch
INFO: Found exact CDP implementation for version 103
</system-err>
  </testcase>
</testsuite>